<?xml version="1.0" encoding="UTF-8"?>
<!-- Generated by org.testng.reporters.JUnitReportReporter -->
<testsuite hostname="DESKTOP-FM2E9LE" failures="0" tests="1" name="test.RunTestShoping" time="170.874" errors="0" timestamp="2024-04-10T09:30:25 COT" skipped="0">
  <testcase classname="test.RunTestShoping" name="shopingTest" time="170.874"/>
</testsuite> <!-- test.RunTestShoping -->
